2015-06-04 15:39:22 Debug: Notice (8): Trying to get property of non-object in [C:\wamp\www\shirtshop\app\Controller\AppController.php, line 82]
Trace:
AppController::beforeFilter() - APP\Controller\AppController.php, line 82
call_user_func - [internal], line ??
CakeEventManager::dispatch() - CORE\Cake\Event\CakeEventManager.php, line 243
Controller::startupProcess() - CORE\Cake\Controller\Controller.php, line 676
ExceptionRenderer::_getController() - CORE\Cake\Error\ExceptionRenderer.php, line 155
ExceptionRenderer::__construct() - CORE\Cake\Error\ExceptionRenderer.php, line 92
ErrorHandler::handleException() - CORE\Cake\Error\ErrorHandler.php, line 118
[main] - [internal], line ??

2015-06-04 15:39:22 Debug: Notice (8): Trying to get property of non-object in [C:\wamp\www\shirtshop\app\Controller\AppController.php, line 82]
Trace:
AppController::beforeFilter() - APP\Controller\AppController.php, line 82
call_user_func - [internal], line ??
CakeEventManager::dispatch() - CORE\Cake\Event\CakeEventManager.php, line 243
Controller::startupProcess() - CORE\Cake\Controller\Controller.php, line 676
ExceptionRenderer::_getController() - CORE\Cake\Error\ExceptionRenderer.php, line 155
ExceptionRenderer::__construct() - CORE\Cake\Error\ExceptionRenderer.php, line 92
ErrorHandler::handleException() - CORE\Cake\Error\ErrorHandler.php, line 118
call_user_func - [internal], line ??
ErrorHandler::handleFatalError() - CORE\Cake\Error\ErrorHandler.php, line 254
ErrorHandler::handleError() - CORE\Cake\Error\ErrorHandler.php, line 203
call_user_func - [internal], line ??
App::_checkFatalError() - CORE\Cake\Core\App.php, line 931
App::shutdown() - CORE\Cake\Core\App.php, line 904
[main] - [internal], line ??

2015-06-04 15:39:57 Debug: Notice (8): Trying to get property of non-object in [C:\wamp\www\shirtshop\app\Controller\AppController.php, line 82]
Trace:
AppController::beforeFilter() - APP\Controller\AppController.php, line 82
call_user_func - [internal], line ??
CakeEventManager::dispatch() - CORE\Cake\Event\CakeEventManager.php, line 243
Controller::startupProcess() - CORE\Cake\Controller\Controller.php, line 676
ExceptionRenderer::_getController() - CORE\Cake\Error\ExceptionRenderer.php, line 155
ExceptionRenderer::__construct() - CORE\Cake\Error\ExceptionRenderer.php, line 92
ErrorHandler::handleException() - CORE\Cake\Error\ErrorHandler.php, line 118
[main] - [internal], line ??

2015-06-04 15:39:57 Debug: Notice (8): Trying to get property of non-object in [C:\wamp\www\shirtshop\app\Controller\AppController.php, line 82]
Trace:
AppController::beforeFilter() - APP\Controller\AppController.php, line 82
call_user_func - [internal], line ??
CakeEventManager::dispatch() - CORE\Cake\Event\CakeEventManager.php, line 243
Controller::startupProcess() - CORE\Cake\Controller\Controller.php, line 676
ExceptionRenderer::_getController() - CORE\Cake\Error\ExceptionRenderer.php, line 155
ExceptionRenderer::__construct() - CORE\Cake\Error\ExceptionRenderer.php, line 92
ErrorHandler::handleException() - CORE\Cake\Error\ErrorHandler.php, line 118
call_user_func - [internal], line ??
ErrorHandler::handleFatalError() - CORE\Cake\Error\ErrorHandler.php, line 254
ErrorHandler::handleError() - CORE\Cake\Error\ErrorHandler.php, line 203
call_user_func - [internal], line ??
App::_checkFatalError() - CORE\Cake\Core\App.php, line 931
App::shutdown() - CORE\Cake\Core\App.php, line 904
[main] - [internal], line ??

2015-06-04 15:39:59 Debug: Notice (8): Trying to get property of non-object in [C:\wamp\www\shirtshop\app\Controller\AppController.php, line 82]
Trace:
AppController::beforeFilter() - APP\Controller\AppController.php, line 82
call_user_func - [internal], line ??
CakeEventManager::dispatch() - CORE\Cake\Event\CakeEventManager.php, line 243
Controller::startupProcess() - CORE\Cake\Controller\Controller.php, line 676
ExceptionRenderer::_getController() - CORE\Cake\Error\ExceptionRenderer.php, line 155
ExceptionRenderer::__construct() - CORE\Cake\Error\ExceptionRenderer.php, line 92
ErrorHandler::handleException() - CORE\Cake\Error\ErrorHandler.php, line 118
[main] - [internal], line ??

2015-06-04 15:40:00 Debug: Notice (8): Trying to get property of non-object in [C:\wamp\www\shirtshop\app\Controller\AppController.php, line 82]
Trace:
AppController::beforeFilter() - APP\Controller\AppController.php, line 82
call_user_func - [internal], line ??
CakeEventManager::dispatch() - CORE\Cake\Event\CakeEventManager.php, line 243
Controller::startupProcess() - CORE\Cake\Controller\Controller.php, line 676
ExceptionRenderer::_getController() - CORE\Cake\Error\ExceptionRenderer.php, line 155
ExceptionRenderer::__construct() - CORE\Cake\Error\ExceptionRenderer.php, line 92
ErrorHandler::handleException() - CORE\Cake\Error\ErrorHandler.php, line 118
call_user_func - [internal], line ??
ErrorHandler::handleFatalError() - CORE\Cake\Error\ErrorHandler.php, line 254
ErrorHandler::handleError() - CORE\Cake\Error\ErrorHandler.php, line 203
call_user_func - [internal], line ??
App::_checkFatalError() - CORE\Cake\Core\App.php, line 931
App::shutdown() - CORE\Cake\Core\App.php, line 904
[main] - [internal], line ??

2015-06-04 15:40:08 Debug: Notice (8): Trying to get property of non-object in [C:\wamp\www\shirtshop\app\Controller\AppController.php, line 82]
Trace:
AppController::beforeFilter() - APP\Controller\AppController.php, line 82
call_user_func - [internal], line ??
CakeEventManager::dispatch() - CORE\Cake\Event\CakeEventManager.php, line 243
Controller::startupProcess() - CORE\Cake\Controller\Controller.php, line 676
ExceptionRenderer::_getController() - CORE\Cake\Error\ExceptionRenderer.php, line 155
ExceptionRenderer::__construct() - CORE\Cake\Error\ExceptionRenderer.php, line 92
ErrorHandler::handleException() - CORE\Cake\Error\ErrorHandler.php, line 118
[main] - [internal], line ??

2015-06-04 15:40:08 Debug: Notice (8): Trying to get property of non-object in [C:\wamp\www\shirtshop\app\Controller\AppController.php, line 82]
Trace:
AppController::beforeFilter() - APP\Controller\AppController.php, line 82
call_user_func - [internal], line ??
CakeEventManager::dispatch() - CORE\Cake\Event\CakeEventManager.php, line 243
Controller::startupProcess() - CORE\Cake\Controller\Controller.php, line 676
ExceptionRenderer::_getController() - CORE\Cake\Error\ExceptionRenderer.php, line 155
ExceptionRenderer::__construct() - CORE\Cake\Error\ExceptionRenderer.php, line 92
ErrorHandler::handleException() - CORE\Cake\Error\ErrorHandler.php, line 118
call_user_func - [internal], line ??
ErrorHandler::handleFatalError() - CORE\Cake\Error\ErrorHandler.php, line 254
ErrorHandler::handleError() - CORE\Cake\Error\ErrorHandler.php, line 203
call_user_func - [internal], line ??
App::_checkFatalError() - CORE\Cake\Core\App.php, line 931
App::shutdown() - CORE\Cake\Core\App.php, line 904
[main] - [internal], line ??

2015-06-04 15:40:24 Debug: Notice (8): Trying to get property of non-object in [C:\wamp\www\shirtshop\app\Controller\AppController.php, line 82]
Trace:
AppController::beforeFilter() - APP\Controller\AppController.php, line 82
call_user_func - [internal], line ??
CakeEventManager::dispatch() - CORE\Cake\Event\CakeEventManager.php, line 243
Controller::startupProcess() - CORE\Cake\Controller\Controller.php, line 676
ExceptionRenderer::_getController() - CORE\Cake\Error\ExceptionRenderer.php, line 155
ExceptionRenderer::__construct() - CORE\Cake\Error\ExceptionRenderer.php, line 92
ErrorHandler::handleException() - CORE\Cake\Error\ErrorHandler.php, line 118
[main] - [internal], line ??

2015-06-04 15:40:24 Debug: Notice (8): Trying to get property of non-object in [C:\wamp\www\shirtshop\app\Controller\AppController.php, line 82]
Trace:
AppController::beforeFilter() - APP\Controller\AppController.php, line 82
call_user_func - [internal], line ??
CakeEventManager::dispatch() - CORE\Cake\Event\CakeEventManager.php, line 243
Controller::startupProcess() - CORE\Cake\Controller\Controller.php, line 676
ExceptionRenderer::_getController() - CORE\Cake\Error\ExceptionRenderer.php, line 155
ExceptionRenderer::__construct() - CORE\Cake\Error\ExceptionRenderer.php, line 92
ErrorHandler::handleException() - CORE\Cake\Error\ErrorHandler.php, line 118
call_user_func - [internal], line ??
ErrorHandler::handleFatalError() - CORE\Cake\Error\ErrorHandler.php, line 254
ErrorHandler::handleError() - CORE\Cake\Error\ErrorHandler.php, line 203
call_user_func - [internal], line ??
App::_checkFatalError() - CORE\Cake\Core\App.php, line 931
App::shutdown() - CORE\Cake\Core\App.php, line 904
[main] - [internal], line ??

2015-06-04 15:40:27 Debug: Notice (8): Trying to get property of non-object in [C:\wamp\www\shirtshop\app\Controller\AppController.php, line 82]
Trace:
AppController::beforeFilter() - APP\Controller\AppController.php, line 82
PagesController::beforeFilter() - APP\Controller\PagesController.php, line 78
call_user_func - [internal], line ??
CakeEventManager::dispatch() - CORE\Cake\Event\CakeEventManager.php, line 243
Controller::startupProcess() - CORE\Cake\Controller\Controller.php, line 676
Dispatcher::_invoke() - CORE\Cake\Routing\Dispatcher.php, line 189
Dispatcher::dispatch() - CORE\Cake\Routing\Dispatcher.php, line 167
[main] - APP\webroot\index.php, line 118

2015-06-04 15:40:27 Debug: Notice (8): Trying to get property of non-object in [C:\wamp\www\shirtshop\app\Controller\AppController.php, line 82]
Trace:
AppController::beforeFilter() - APP\Controller\AppController.php, line 82
call_user_func - [internal], line ??
CakeEventManager::dispatch() - CORE\Cake\Event\CakeEventManager.php, line 243
Controller::startupProcess() - CORE\Cake\Controller\Controller.php, line 676
ExceptionRenderer::_getController() - CORE\Cake\Error\ExceptionRenderer.php, line 155
ExceptionRenderer::__construct() - CORE\Cake\Error\ExceptionRenderer.php, line 92
ErrorHandler::handleException() - CORE\Cake\Error\ErrorHandler.php, line 118
call_user_func - [internal], line ??
ErrorHandler::handleFatalError() - CORE\Cake\Error\ErrorHandler.php, line 254
ErrorHandler::handleError() - CORE\Cake\Error\ErrorHandler.php, line 203
call_user_func - [internal], line ??
App::_checkFatalError() - CORE\Cake\Core\App.php, line 931
App::shutdown() - CORE\Cake\Core\App.php, line 904
[main] - [internal], line ??

2016-02-05 21:27:05 Debug: Notice (8): Undefined variable: pic in [C:\wamp\www\shirtshop\app\View\Items\admin_edit.ctp, line 12]
Trace:
include - APP\View\Items\admin_edit.ctp, line 12
View::_evaluate() - CORE\Cake\View\View.php, line 961
View::_render() - CORE\Cake\View\View.php, line 923
View::render() - CORE\Cake\View\View.php, line 473
Controller::render() - CORE\Cake\Controller\Controller.php, line 959
Dispatcher::_invoke() - CORE\Cake\Routing\Dispatcher.php, line 200
Dispatcher::dispatch() - CORE\Cake\Routing\Dispatcher.php, line 167
[main] - APP\webroot\index.php, line 118

2016-02-05 21:27:05 Debug: Notice (8): Undefined variable: pic in [C:\wamp\www\shirtshop\app\View\Items\admin_edit.ctp, line 13]
Trace:
include - APP\View\Items\admin_edit.ctp, line 13
View::_evaluate() - CORE\Cake\View\View.php, line 961
View::_render() - CORE\Cake\View\View.php, line 923
View::render() - CORE\Cake\View\View.php, line 473
Controller::render() - CORE\Cake\Controller\Controller.php, line 959
Dispatcher::_invoke() - CORE\Cake\Routing\Dispatcher.php, line 200
Dispatcher::dispatch() - CORE\Cake\Routing\Dispatcher.php, line 167
[main] - APP\webroot\index.php, line 118

2016-02-05 21:29:34 Debug: Notice (8): Undefined variable: pic in [C:\wamp\www\shirtshop\app\View\Items\admin_edit.ctp, line 12]
Trace:
include - APP\View\Items\admin_edit.ctp, line 12
View::_evaluate() - CORE\Cake\View\View.php, line 961
View::_render() - CORE\Cake\View\View.php, line 923
View::render() - CORE\Cake\View\View.php, line 473
Controller::render() - CORE\Cake\Controller\Controller.php, line 959
Dispatcher::_invoke() - CORE\Cake\Routing\Dispatcher.php, line 200
Dispatcher::dispatch() - CORE\Cake\Routing\Dispatcher.php, line 167
[main] - APP\webroot\index.php, line 118

2016-02-05 21:29:34 Debug: Notice (8): Undefined variable: pic in [C:\wamp\www\shirtshop\app\View\Items\admin_edit.ctp, line 13]
Trace:
include - APP\View\Items\admin_edit.ctp, line 13
View::_evaluate() - CORE\Cake\View\View.php, line 961
View::_render() - CORE\Cake\View\View.php, line 923
View::render() - CORE\Cake\View\View.php, line 473
Controller::render() - CORE\Cake\Controller\Controller.php, line 959
Dispatcher::_invoke() - CORE\Cake\Routing\Dispatcher.php, line 200
Dispatcher::dispatch() - CORE\Cake\Routing\Dispatcher.php, line 167
[main] - APP\webroot\index.php, line 118

2016-02-05 21:29:44 Debug: Notice (8): Undefined variable: pic in [C:\wamp\www\shirtshop\app\View\Items\admin_edit.ctp, line 12]
Trace:
include - APP\View\Items\admin_edit.ctp, line 12
View::_evaluate() - CORE\Cake\View\View.php, line 961
View::_render() - CORE\Cake\View\View.php, line 923
View::render() - CORE\Cake\View\View.php, line 473
Controller::render() - CORE\Cake\Controller\Controller.php, line 959
Dispatcher::_invoke() - CORE\Cake\Routing\Dispatcher.php, line 200
Dispatcher::dispatch() - CORE\Cake\Routing\Dispatcher.php, line 167
[main] - APP\webroot\index.php, line 118

2016-02-05 21:29:44 Debug: Notice (8): Undefined variable: pic in [C:\wamp\www\shirtshop\app\View\Items\admin_edit.ctp, line 13]
Trace:
include - APP\View\Items\admin_edit.ctp, line 13
View::_evaluate() - CORE\Cake\View\View.php, line 961
View::_render() - CORE\Cake\View\View.php, line 923
View::render() - CORE\Cake\View\View.php, line 473
Controller::render() - CORE\Cake\Controller\Controller.php, line 959
Dispatcher::_invoke() - CORE\Cake\Routing\Dispatcher.php, line 200
Dispatcher::dispatch() - CORE\Cake\Routing\Dispatcher.php, line 167
[main] - APP\webroot\index.php, line 118

2016-02-05 21:31:15 Debug: Notice (8): Undefined variable: pic in [C:\wamp\www\shirtshop\app\View\Items\admin_edit.ctp, line 12]
Trace:
include - APP\View\Items\admin_edit.ctp, line 12
View::_evaluate() - CORE\Cake\View\View.php, line 961
View::_render() - CORE\Cake\View\View.php, line 923
View::render() - CORE\Cake\View\View.php, line 473
Controller::render() - CORE\Cake\Controller\Controller.php, line 959
Dispatcher::_invoke() - CORE\Cake\Routing\Dispatcher.php, line 200
Dispatcher::dispatch() - CORE\Cake\Routing\Dispatcher.php, line 167
[main] - APP\webroot\index.php, line 118

2016-02-05 21:31:15 Debug: Notice (8): Undefined variable: pic in [C:\wamp\www\shirtshop\app\View\Items\admin_edit.ctp, line 13]
Trace:
include - APP\View\Items\admin_edit.ctp, line 13
View::_evaluate() - CORE\Cake\View\View.php, line 961
View::_render() - CORE\Cake\View\View.php, line 923
View::render() - CORE\Cake\View\View.php, line 473
Controller::render() - CORE\Cake\Controller\Controller.php, line 959
Dispatcher::_invoke() - CORE\Cake\Routing\Dispatcher.php, line 200
Dispatcher::dispatch() - CORE\Cake\Routing\Dispatcher.php, line 167
[main] - APP\webroot\index.php, line 118

2016-02-18 22:28:13 Debug: Notice (8): Undefined index:  in [C:\wamp\www\shirtshop\app\Controller\ShopController.php, line 88]
Trace:
ShopController::order() - APP\Controller\ShopController.php, line 88
ReflectionMethod::invokeArgs() - [internal], line ??
Controller::invokeAction() - CORE\Cake\Controller\Controller.php, line 490
Dispatcher::_invoke() - CORE\Cake\Routing\Dispatcher.php, line 193
Dispatcher::dispatch() - CORE\Cake\Routing\Dispatcher.php, line 167
[main] - APP\webroot\index.php, line 118

